  main.c
C:\Users\79507\Dropbox\ПК\Desktop\Folders\ProgrammingLanguages\C\lesson\Course01_Sem02\4_Games_1.5\Project1\main.c(30,61): warning C4244: инициализация: преобразование "int" в "float", возможна потеря данных
C:\Users\79507\Dropbox\ПК\Desktop\Folders\ProgrammingLanguages\C\lesson\Course01_Sem02\4_Games_1.5\Project1\main.c(56,69): warning C4244: инициализация: преобразование "int" в "float", возможна потеря данных
C:\Users\79507\Dropbox\ПК\Desktop\Folders\ProgrammingLanguages\C\lesson\Course01_Sem02\4_Games_1.5\Project1\main.c(110,73): warning C4244: инициализация: преобразование "int" в "float", возможна потеря данных
C:\Users\79507\Dropbox\ПК\Desktop\Folders\ProgrammingLanguages\C\lesson\Course01_Sem02\4_Games_1.5\Project1\main.c(129,73): warning C4244: инициализация: преобразование "int" в "float", возможна потеря данных
C:\Users\79507\Dropbox\ПК\Desktop\Folders\ProgrammingLanguages\C\lesson\Course01_Sem02\4_Games_1.5\Project1\main.c(161,41): warning C4244: функция: преобразование "float" в "int", возможна потеря данных
C:\Users\79507\Dropbox\ПК\Desktop\Folders\ProgrammingLanguages\C\lesson\Course01_Sem02\4_Games_1.5\Project1\main.c(161,61): warning C4244: функция: преобразование "float" в "int", возможна потеря данных
C:\Users\79507\Dropbox\ПК\Desktop\Folders\ProgrammingLanguages\C\lesson\Course01_Sem02\4_Games_1.5\Project1\main.c(161,77): warning C4244: функция: преобразование "float" в "int", возможна потеря данных
C:\Users\79507\Dropbox\ПК\Desktop\Folders\ProgrammingLanguages\C\lesson\Course01_Sem02\4_Games_1.5\Project1\main.c(161,93): warning C4244: функция: преобразование "float" в "int", возможна потеря данных
C:\Users\79507\Dropbox\ПК\Desktop\Folders\ProgrammingLanguages\C\lesson\Course01_Sem02\4_Games_1.5\Project1\main.c(162,41): warning C4244: функция: преобразование "float" в "int", возможна потеря данных
C:\Users\79507\Dropbox\ПК\Desktop\Folders\ProgrammingLanguages\C\lesson\Course01_Sem02\4_Games_1.5\Project1\main.c(162,65): warning C4244: функция: преобразование "float" в "int", возможна потеря данных
C:\Users\79507\Dropbox\ПК\Desktop\Folders\ProgrammingLanguages\C\lesson\Course01_Sem02\4_Games_1.5\Project1\main.c(162,85): warning C4244: функция: преобразование "float" в "int", возможна потеря данных
C:\Users\79507\Dropbox\ПК\Desktop\Folders\ProgrammingLanguages\C\lesson\Course01_Sem02\4_Games_1.5\Project1\main.c(162,105): warning C4244: функция: преобразование "float" в "int", возможна потеря данных
C:\Users\79507\Dropbox\ПК\Desktop\Folders\ProgrammingLanguages\C\lesson\Course01_Sem02\4_Games_1.5\Project1\main.c(164,41): warning C4244: функция: преобразование "float" в "int", возможна потеря данных
C:\Users\79507\Dropbox\ПК\Desktop\Folders\ProgrammingLanguages\C\lesson\Course01_Sem02\4_Games_1.5\Project1\main.c(164,61): warning C4244: функция: преобразование "float" в "int", возможна потеря данных
C:\Users\79507\Dropbox\ПК\Desktop\Folders\ProgrammingLanguages\C\lesson\Course01_Sem02\4_Games_1.5\Project1\main.c(164,77): warning C4244: функция: преобразование "float" в "int", возможна потеря данных
C:\Users\79507\Dropbox\ПК\Desktop\Folders\ProgrammingLanguages\C\lesson\Course01_Sem02\4_Games_1.5\Project1\main.c(164,93): warning C4244: функция: преобразование "float" в "int", возможна потеря данных
C:\Users\79507\Dropbox\ПК\Desktop\Folders\ProgrammingLanguages\C\lesson\Course01_Sem02\4_Games_1.5\Project1\main.c(165,45): warning C4244: функция: преобразование "float" в "int", возможна потеря данных
C:\Users\79507\Dropbox\ПК\Desktop\Folders\ProgrammingLanguages\C\lesson\Course01_Sem02\4_Games_1.5\Project1\main.c(165,69): warning C4244: функция: преобразование "float" в "int", возможна потеря данных
C:\Users\79507\Dropbox\ПК\Desktop\Folders\ProgrammingLanguages\C\lesson\Course01_Sem02\4_Games_1.5\Project1\main.c(165,89): warning C4244: функция: преобразование "float" в "int", возможна потеря данных
C:\Users\79507\Dropbox\ПК\Desktop\Folders\ProgrammingLanguages\C\lesson\Course01_Sem02\4_Games_1.5\Project1\main.c(165,109): warning C4244: функция: преобразование "float" в "int", возможна потеря данных
LINK : warning LNK4098: библиотека по умолчанию "MSVCRT" конфликтует с использованием других библиотек; используйте /NODEFAULTLIB:library
  Project1.vcxproj -> C:\Users\79507\Dropbox\ПК\Desktop\Folders\ProgrammingLanguages\C\lesson\Course01_Sem02\4_Games_1.5\x64\Debug\Project1.exe
