  main.cpp
C:\Users\79507\Dropbox\ПК\Desktop\Folders\ProgrammingLanguages\C++\lessons\Course02_Sem01\KMostFrequent_0.5\Project1\button.hpp(20,30): warning C4244: =: преобразование "T" в "int", возможна потеря данных
          with
          [
              T=float
          ]
C:\Users\79507\Dropbox\ПК\Desktop\Folders\ProgrammingLanguages\C++\lessons\Course02_Sem01\KMostFrequent_0.5\Project1\button.hpp(21,31): warning C4244: =: преобразование "T" в "int", возможна потеря данных
          with
          [
              T=float
          ]
C:\Users\79507\Dropbox\ПК\Desktop\Folders\ProgrammingLanguages\C++\lessons\Course02_Sem01\KMostFrequent_0.5\Project1\button.hpp(46,20): warning C4244: инициализация: преобразование "double" в "float", возможна потеря данных
C:\Users\79507\Dropbox\ПК\Desktop\Folders\ProgrammingLanguages\C++\lessons\Course02_Sem01\KMostFrequent_0.5\Project1\button.hpp(60,21): warning C4244: инициализация: преобразование "const T" в "int", возможна потеря данных
          with
          [
              T=float
          ]
C:\Users\79507\Dropbox\ПК\Desktop\Folders\ProgrammingLanguages\C++\lessons\Course02_Sem01\KMostFrequent_0.5\Project1\button.hpp(61,21): warning C4244: инициализация: преобразование "const T" в "int", возможна потеря данных
          with
          [
              T=float
          ]
C:\Users\79507\Dropbox\ПК\Desktop\Folders\ProgrammingLanguages\C++\lessons\Course02_Sem01\KMostFrequent_0.5\Project1\button.hpp(63,26): warning C4244: инициализация: преобразование "T" в "int", возможна потеря данных
          with
          [
              T=float
          ]
C:\Users\79507\Dropbox\ПК\Desktop\Folders\ProgrammingLanguages\C++\lessons\Course02_Sem01\KMostFrequent_0.5\Project1\button.hpp(64,27): warning C4244: инициализация: преобразование "T" в "int", возможна потеря данных
          with
          [
              T=float
          ]
C:\Users\79507\Dropbox\ПК\Desktop\Folders\ProgrammingLanguages\C++\lessons\Course02_Sem01\KMostFrequent_0.5\Project1\main.cpp(13,15): warning C4244: аргумент: преобразование "time_t" в "unsigned int", возможна потеря данных
C:\Users\79507\Dropbox\ПК\Desktop\Folders\ProgrammingLanguages\C++\lessons\Course02_Sem01\KMostFrequent_0.5\Project1\main.cpp(109,76): warning C4244: аргумент: преобразование "int" в "T", возможна потеря данных
          with
          [
              T=float
          ]
C:\Users\79507\Dropbox\ПК\Desktop\Folders\ProgrammingLanguages\C++\lessons\Course02_Sem01\KMostFrequent_0.5\Project1\main.cpp(113,46): warning C4244: аргумент: преобразование "int" в "float", возможна потеря данных
  Project1.vcxproj -> C:\Users\79507\Dropbox\ПК\Desktop\Folders\ProgrammingLanguages\C++\lessons\Course02_Sem01\KMostFrequent_0.5\Debug\Project1.exe
