  main.cpp
C:\Users\79507\Dropbox\ПК\Desktop\Folders\ProgrammingLanguages\C++\lessons\Course02_Sem01\Alarm\Project1\Header.hpp(56,31): warning C4018: <: несоответствие типов со знаком и без знака
C:\Users\79507\Dropbox\ПК\Desktop\Folders\ProgrammingLanguages\C++\lessons\Course02_Sem01\Alarm\Project1\Header.hpp(80,45): warning C4018: <=: несоответствие типов со знаком и без знака
C:\Users\79507\Dropbox\ПК\Desktop\Folders\ProgrammingLanguages\C++\lessons\Course02_Sem01\Alarm\Project1\Header.hpp(84,50): warning C4018: >: несоответствие типов со знаком и без знака
C:\Users\79507\Dropbox\ПК\Desktop\Folders\ProgrammingLanguages\C++\lessons\Course02_Sem01\Alarm\Project1\Header.hpp(107,27): warning C4018: <: несоответствие типов со знаком и без знака
C:\Users\79507\Dropbox\ПК\Desktop\Folders\ProgrammingLanguages\C++\lessons\Course02_Sem01\Alarm\Project1\Header.hpp(139,30): warning C4244: =: преобразование "T" в "int", возможна потеря данных
          with
          [
              T=float
          ]
C:\Users\79507\Dropbox\ПК\Desktop\Folders\ProgrammingLanguages\C++\lessons\Course02_Sem01\Alarm\Project1\Header.hpp(140,31): warning C4244: =: преобразование "T" в "int", возможна потеря данных
          with
          [
              T=float
          ]
C:\Users\79507\Dropbox\ПК\Desktop\Folders\ProgrammingLanguages\C++\lessons\Course02_Sem01\Alarm\Project1\Header.hpp(165,20): warning C4244: инициализация: преобразование "double" в "float", возможна потеря данных
C:\Users\79507\Dropbox\ПК\Desktop\Folders\ProgrammingLanguages\C++\lessons\Course02_Sem01\Alarm\Project1\Header.hpp(179,21): warning C4244: инициализация: преобразование "const T" в "int", возможна потеря данных
          with
          [
              T=float
          ]
C:\Users\79507\Dropbox\ПК\Desktop\Folders\ProgrammingLanguages\C++\lessons\Course02_Sem01\Alarm\Project1\Header.hpp(180,21): warning C4244: инициализация: преобразование "const T" в "int", возможна потеря данных
          with
          [
              T=float
          ]
C:\Users\79507\Dropbox\ПК\Desktop\Folders\ProgrammingLanguages\C++\lessons\Course02_Sem01\Alarm\Project1\Header.hpp(182,26): warning C4244: инициализация: преобразование "T" в "int", возможна потеря данных
          with
          [
              T=float
          ]
C:\Users\79507\Dropbox\ПК\Desktop\Folders\ProgrammingLanguages\C++\lessons\Course02_Sem01\Alarm\Project1\Header.hpp(183,27): warning C4244: инициализация: преобразование "T" в "int", возможна потеря данных
          with
          [
              T=float
          ]
C:\Users\79507\Dropbox\ПК\Desktop\Folders\ProgrammingLanguages\C++\lessons\Course02_Sem01\Alarm\Project1\main.cpp(14,47): warning C4101: inputStr: неиспользованная локальная переменная
  Project1.vcxproj -> C:\Users\79507\Dropbox\ПК\Desktop\Folders\ProgrammingLanguages\C++\lessons\Course02_Sem01\Alarm\Debug\Project1.exe
