  Buttons.c
C:\Users\79507\Dropbox\ПК\Desktop\Folders\ProgrammingLanguages\C\lesson\Course01_Sem02\4_Calculator_2\ProjectCalculator\Buttons.c(9,1): warning C4005: PI: изменение макроопределения
C:\Users\79507\Dropbox\ПК\Desktop\Folders\ProgrammingLanguages\C\library\raylib-4.0.0_win64_msvc16\include\raylib.h(103): message : см. предыдущее определение "PI"
C:\Users\79507\Dropbox\ПК\Desktop\Folders\ProgrammingLanguages\C\lesson\Course01_Sem02\4_Calculator_2\ProjectCalculator\Buttons.c(30,9): warning C4013: Sleep: нет определения; предполагается "extern" с возвратом типа "int"
C:\Users\79507\Dropbox\ПК\Desktop\Folders\ProgrammingLanguages\C\lesson\Course01_Sem02\4_Calculator_2\ProjectCalculator\Buttons.c(561,35): warning C4244: =: преобразование "__int64" в "double", возможна потеря данных
C:\Users\79507\Dropbox\ПК\Desktop\Folders\ProgrammingLanguages\C\lesson\Course01_Sem02\4_Calculator_2\ProjectCalculator\Buttons.c(564,35): warning C4244: =: преобразование "__int64" в "double", возможна потеря данных
C:\Users\79507\Dropbox\ПК\Desktop\Folders\ProgrammingLanguages\C\lesson\Course01_Sem02\4_Calculator_2\ProjectCalculator\Buttons.c(567,35): warning C4244: =: преобразование "__int64" в "double", возможна потеря данных
C:\Users\79507\Dropbox\ПК\Desktop\Folders\ProgrammingLanguages\C\lesson\Course01_Sem02\4_Calculator_2\ProjectCalculator\Buttons.c(571,39): warning C4244: =: преобразование "__int64" в "double", возможна потеря данных
C:\Users\79507\Dropbox\ПК\Desktop\Folders\ProgrammingLanguages\C\lesson\Course01_Sem02\4_Calculator_2\ProjectCalculator\Buttons.c(574,22): warning C4244: =: преобразование "__int64" в "double", возможна потеря данных
C:\Users\79507\Dropbox\ПК\Desktop\Folders\ProgrammingLanguages\C\lesson\Course01_Sem02\4_Calculator_2\ProjectCalculator\Buttons.c(579,22): warning C4244: =: преобразование "__int64" в "double", возможна потеря данных
C:\Users\79507\Dropbox\ПК\Desktop\Folders\ProgrammingLanguages\C\lesson\Course01_Sem02\4_Calculator_2\ProjectCalculator\Buttons.c(584,22): warning C4244: =: преобразование "__int64" в "double", возможна потеря данных
C:\Users\79507\Dropbox\ПК\Desktop\Folders\ProgrammingLanguages\C\lesson\Course01_Sem02\4_Calculator_2\ProjectCalculator\Buttons.c(589,22): warning C4244: =: преобразование "__int64" в "double", возможна потеря данных
C:\Users\79507\Dropbox\ПК\Desktop\Folders\ProgrammingLanguages\C\lesson\Course01_Sem02\4_Calculator_2\ProjectCalculator\Buttons.c(594,27): warning C4244: функция: преобразование "__int64" в "double", возможна потеря данных
C:\Users\79507\Dropbox\ПК\Desktop\Folders\ProgrammingLanguages\C\lesson\Course01_Sem02\4_Calculator_2\ProjectCalculator\Buttons.c(594,40): warning C4244: функция: преобразование "__int64" в "double", возможна потеря данных
  main.c
C:\Users\79507\Dropbox\ПК\Desktop\Folders\ProgrammingLanguages\C\lesson\Course01_Sem02\4_Calculator_2\ProjectCalculator\main.c(9,1): warning C4005: PI: изменение макроопределения
C:\Users\79507\Dropbox\ПК\Desktop\Folders\ProgrammingLanguages\C\library\raylib-4.0.0_win64_msvc16\include\raylib.h(103): message : см. предыдущее определение "PI"
C:\Users\79507\Dropbox\ПК\Desktop\Folders\ProgrammingLanguages\C\lesson\Course01_Sem02\4_Calculator_2\ProjectCalculator\main.c(136,9): warning C4013: Button_0: нет определения; предполагается "extern" с возвратом типа "int"
C:\Users\79507\Dropbox\ПК\Desktop\Folders\ProgrammingLanguages\C\lesson\Course01_Sem02\4_Calculator_2\ProjectCalculator\main.c(139,9): warning C4013: Button_1: нет определения; предполагается "extern" с возвратом типа "int"
C:\Users\79507\Dropbox\ПК\Desktop\Folders\ProgrammingLanguages\C\lesson\Course01_Sem02\4_Calculator_2\ProjectCalculator\main.c(142,9): warning C4013: Button_2: нет определения; предполагается "extern" с возвратом типа "int"
C:\Users\79507\Dropbox\ПК\Desktop\Folders\ProgrammingLanguages\C\lesson\Course01_Sem02\4_Calculator_2\ProjectCalculator\main.c(145,9): warning C4013: Button_3: нет определения; предполагается "extern" с возвратом типа "int"
C:\Users\79507\Dropbox\ПК\Desktop\Folders\ProgrammingLanguages\C\lesson\Course01_Sem02\4_Calculator_2\ProjectCalculator\main.c(148,9): warning C4013: Button_4: нет определения; предполагается "extern" с возвратом типа "int"
C:\Users\79507\Dropbox\ПК\Desktop\Folders\ProgrammingLanguages\C\lesson\Course01_Sem02\4_Calculator_2\ProjectCalculator\main.c(151,9): warning C4013: Button_5: нет определения; предполагается "extern" с возвратом типа "int"
C:\Users\79507\Dropbox\ПК\Desktop\Folders\ProgrammingLanguages\C\lesson\Course01_Sem02\4_Calculator_2\ProjectCalculator\main.c(154,9): warning C4013: Button_6: нет определения; предполагается "extern" с возвратом типа "int"
C:\Users\79507\Dropbox\ПК\Desktop\Folders\ProgrammingLanguages\C\lesson\Course01_Sem02\4_Calculator_2\ProjectCalculator\main.c(157,9): warning C4013: Button_7: нет определения; предполагается "extern" с возвратом типа "int"
C:\Users\79507\Dropbox\ПК\Desktop\Folders\ProgrammingLanguages\C\lesson\Course01_Sem02\4_Calculator_2\ProjectCalculator\main.c(160,9): warning C4013: Button_8: нет определения; предполагается "extern" с возвратом типа "int"
C:\Users\79507\Dropbox\ПК\Desktop\Folders\ProgrammingLanguages\C\lesson\Course01_Sem02\4_Calculator_2\ProjectCalculator\main.c(163,9): warning C4013: Button_9: нет определения; предполагается "extern" с возвратом типа "int"
C:\Users\79507\Dropbox\ПК\Desktop\Folders\ProgrammingLanguages\C\lesson\Course01_Sem02\4_Calculator_2\ProjectCalculator\main.c(166,9): warning C4013: Button_Plus: нет определения; предполагается "extern" с возвратом типа "int"
C:\Users\79507\Dropbox\ПК\Desktop\Folders\ProgrammingLanguages\C\lesson\Course01_Sem02\4_Calculator_2\ProjectCalculator\main.c(169,9): warning C4013: Button_Minus: нет определения; предполагается "extern" с возвратом типа "int"
C:\Users\79507\Dropbox\ПК\Desktop\Folders\ProgrammingLanguages\C\lesson\Course01_Sem02\4_Calculator_2\ProjectCalculator\main.c(172,9): warning C4013: Button_Mult: нет определения; предполагается "extern" с возвратом типа "int"
C:\Users\79507\Dropbox\ПК\Desktop\Folders\ProgrammingLanguages\C\lesson\Course01_Sem02\4_Calculator_2\ProjectCalculator\main.c(175,9): warning C4013: Button_Div: нет определения; предполагается "extern" с возвратом типа "int"
C:\Users\79507\Dropbox\ПК\Desktop\Folders\ProgrammingLanguages\C\lesson\Course01_Sem02\4_Calculator_2\ProjectCalculator\main.c(178,9): warning C4013: Button_Result: нет определения; предполагается "extern" с возвратом типа "int"
C:\Users\79507\Dropbox\ПК\Desktop\Folders\ProgrammingLanguages\C\lesson\Course01_Sem02\4_Calculator_2\ProjectCalculator\main.c(181,9): warning C4013: Button_Clean: нет определения; предполагается "extern" с возвратом типа "int"
C:\Users\79507\Dropbox\ПК\Desktop\Folders\ProgrammingLanguages\C\lesson\Course01_Sem02\4_Calculator_2\ProjectCalculator\main.c(185,9): warning C4013: Button_Back: нет определения; предполагается "extern" с возвратом типа "int"
C:\Users\79507\Dropbox\ПК\Desktop\Folders\ProgrammingLanguages\C\lesson\Course01_Sem02\4_Calculator_2\ProjectCalculator\main.c(188,9): warning C4013: Button_Cos: нет определения; предполагается "extern" с возвратом типа "int"
C:\Users\79507\Dropbox\ПК\Desktop\Folders\ProgrammingLanguages\C\lesson\Course01_Sem02\4_Calculator_2\ProjectCalculator\main.c(191,9): warning C4013: Button_Sin: нет определения; предполагается "extern" с возвратом типа "int"
C:\Users\79507\Dropbox\ПК\Desktop\Folders\ProgrammingLanguages\C\lesson\Course01_Sem02\4_Calculator_2\ProjectCalculator\main.c(194,9): warning C4013: Button_Tan: нет определения; предполагается "extern" с возвратом типа "int"
C:\Users\79507\Dropbox\ПК\Desktop\Folders\ProgrammingLanguages\C\lesson\Course01_Sem02\4_Calculator_2\ProjectCalculator\main.c(197,9): warning C4013: Button_Root: нет определения; предполагается "extern" с возвратом типа "int"
C:\Users\79507\Dropbox\ПК\Desktop\Folders\ProgrammingLanguages\C\lesson\Course01_Sem02\4_Calculator_2\ProjectCalculator\main.c(200,9): warning C4013: Button_Power: нет определения; предполагается "extern" с возвратом типа "int"
C:\Users\79507\Dropbox\ПК\Desktop\Folders\ProgrammingLanguages\C\lesson\Course01_Sem02\4_Calculator_2\ProjectCalculator\main.c(204,9): warning C4013: Drawing_Function: нет определения; предполагается "extern" с возвратом типа "int"
C:\Users\79507\Dropbox\ПК\Desktop\Folders\ProgrammingLanguages\C\lesson\Course01_Sem02\4_Calculator_2\ProjectCalculator\main.c(212,5): warning C4013: UnloadAllTexture: нет определения; предполагается "extern" с возвратом типа "int"
  Создание кода...
LINK : warning LNK4098: библиотека по умолчанию "MSVCRT" конфликтует с использованием других библиотек; используйте /NODEFAULTLIB:library
  ProjectCalculator.vcxproj -> C:\Users\79507\Dropbox\ПК\Desktop\Folders\ProgrammingLanguages\C\lesson\Course01_Sem02\4_Calculator_2\x64\Debug\ProjectCalculator.exe
